<?xml version="1.0" encoding="UTF-8"?>
<!-- Generated by org.testng.reporters.JUnitReportReporter -->
<testsuite hostname="DESKTOP-U9KORCU" failures="0" tests="4" name="com.aut.qa.testcases.CheckOut_Test" time="33.891" errors="0" timestamp="2024-02-01T18:03:23 IST" skipped="0">
  <testcase classname="com.aut.qa.testcases.CheckOut_Test" name="VerifyEnterDatails" time="8.391"/>
  <testcase classname="com.aut.qa.testcases.CheckOut_Test" name="VerifyEnterDatails" time="8.690"/>
  <testcase classname="com.aut.qa.testcases.CheckOut_Test" name="VerifyEnterDatails" time="8.433"/>
  <testcase classname="com.aut.qa.testcases.CheckOut_Test" name="VerifyEnterDatails" time="8.377"/>
</testsuite> <!-- com.aut.qa.testcases.CheckOut_Test -->
