<?xml version="1.0" encoding="UTF-8"?>
<!-- Generated by org.testng.reporters.JUnitReportReporter -->
<testsuite hostname="DESKTOP-U9KORCU" failures="0" tests="2" name="com.aut.qa.testcases.loginPageTest" time="5.048" errors="0" timestamp="2024-02-01T18:03:23 IST" skipped="0">
  <testcase classname="com.aut.qa.testcases.loginPageTest" name="ValidateLogibPageTitile" time="2.283"/>
  <testcase classname="com.aut.qa.testcases.loginPageTest" name="validatelogin" time="2.765"/>
</testsuite> <!-- com.aut.qa.testcases.loginPageTest -->
