<?xml version="1.0" encoding="UTF-8"?>
<!-- Generated by org.testng.reporters.JUnitReportReporter -->
<testsuite hostname="DESKTOP-U9KORCU" failures="0" tests="2" name="com.aut.qa.testcases.YourCartPage" time="6.215" errors="0" timestamp="2024-02-01T18:03:23 IST" skipped="0">
  <testcase classname="com.aut.qa.testcases.YourCartPage" name="verifyHeading" time="3.162"/>
  <testcase classname="com.aut.qa.testcases.YourCartPage" name="verifycheckoutBTNisdisplayed" time="3.053"/>
</testsuite> <!-- com.aut.qa.testcases.YourCartPage -->
