<?xml version="1.0" encoding="UTF-8"?>
<!-- Generated by org.testng.reporters.JUnitReportReporter -->
<testsuite hostname="DESKTOP-U9KORCU" failures="0" tests="3" name="com.aut.qa.testcases.HomePageTest" time="9.459" errors="0" timestamp="2024-02-01T18:03:23 IST" skipped="0">
  <testcase classname="com.aut.qa.testcases.HomePageTest" name="ValidateHeading" time="3.811"/>
  <testcase classname="com.aut.qa.testcases.HomePageTest" name="verifyisBackPaeAddToCartButtonDisplayed" time="2.777"/>
  <testcase classname="com.aut.qa.testcases.HomePageTest" name="verifyItemAddedIntoCart" time="2.871"/>
</testsuite> <!-- com.aut.qa.testcases.HomePageTest -->
